Update date : Tue Jan 21 19:30:41 WEST 2025
 
 Table 'alerts' found in repository
 (=) table 'alerts' unchanged
 
 Table 'api_logs' found in repository
 (=) table 'api_logs' unchanged
 
 Table 'api_user' found in repository
 (=) table 'api_user' unchanged
 
 Table 'bookings' found in repository
 . Column 'route_id' deleted
 . Column 'departure_id' added
 . Column 'origin_station_id' added
 . Column 'destination_station_id' added
 . Foreign key 'bookings_ibfk_1' updated
 . Foreign key 'bookings_ibfk_2' updated
 . Foreign key 'bookings_ibfk_3' updated
 . Foreign key 'bookings_ibfk_4' updated
 . Foreign key 'bookings_ibfk_5' added
 . Foreign key 'bookings_ibfk_6' added
 (*) table 'bookings' updated : 10 change(s)
 
 Table 'buses' found in repository
 (=) table 'buses' unchanged
 
 Table 'cities' found in repository
 (=) table 'cities' unchanged
 
 Table 'companies' found in repository
 (=) table 'companies' unchanged
 
 Table 'departs' found in repository
 . Column 'duration' added
 . Column 'rating' added
 (*) table 'departs' updated : 2 change(s)
 
 Table 'districts' found in repository
 (=) table 'districts' unchanged
 
 Table 'financial_reports' found in repository
 (=) table 'financial_reports' unchanged
 
 Table 'fonctionalite' found in repository
 (=) table 'fonctionalite' unchanged
 
 Table 'logs' found in repository
 (=) table 'logs' unchanged
 
 Table 'notifications' found in repository
 (=) table 'notifications' unchanged
 
 Table 'param_notification' found in repository
 (=) table 'param_notification' unchanged
 
 Table 'parametre_generaux' found in repository
 (=) table 'parametre_generaux' unchanged
 
 Table 'payments' found in repository
 (=) table 'payments' unchanged
 
 Table 'permissions' found in repository
 (=) table 'permissions' unchanged
 
 Table 'role' found in repository
 (=) table 'role' unchanged
 
 Table 'role_fonctionalite' found in repository
 (=) table 'role_fonctionalite' unchanged
 
 Table 'role_permissions' found in repository
 (=) table 'role_permissions' unchanged
 
 Table 'roles' found in repository
 (=) table 'roles' unchanged
 
 Table 'routes' found in repository
 (=) table 'routes' unchanged
 
 Table 'stations' found in repository
 (=) table 'stations' unchanged
 
 Table 'tickets' found in repository
 (=) table 'tickets' unchanged
 
 Table 'travel_schedules' found in repository
 (=) table 'travel_schedules' unchanged
 
 Table 'trip_tracking' found in repository
 (=) table 'trip_tracking' unchanged
 
 Table 'user' found in repository
 (=) table 'user' unchanged
 
 Table 'user_roles' found in repository
 (=) table 'user_roles' unchanged
 
 Table 'users' found in repository
 (=) table 'users' unchanged
