Update date : Thu Dec 19 23:30:59 WEST 2024
 
 Table 'api_logs' found in repository
 (=) table 'api_logs' unchanged
 
 Table 'api_user' found in repository
 (=) table 'api_user' unchanged
 
 Table 'cards' found in repository
 (=) table 'cards' unchanged
 
 Table 'customers' found in repository
 (=) table 'customers' unchanged
 
 Table 'fonctionalite' found in repository
 (=) table 'fonctionalite' unchanged
 
 Table 'logs' found in repository
 (=) table 'logs' unchanged
 
 Table 'param_notification' found in repository
 (=) table 'param_notification' unchanged
 
 Table 'parametre_generaux' found in repository
 (=) table 'parametre_generaux' unchanged
 
 Table 'role' found in repository
 (=) table 'role' unchanged
 
 Table 'role_fonctionalite' found in repository
 (=) table 'role_fonctionalite' unchanged
 
 Table 'transactions' found in repository
 (=) table 'transactions' unchanged
 
 Table 'user' found in repository
 (=) table 'user' unchanged
